[debug] [2025-12-25T13:42:02.894Z] > command requires scopes: ["email","openid","https://www.googleapis.com/auth/cloudplatformprojects.readonly","https://www.googleapis.com/auth/firebase","https://www.googleapis.com/auth/cloud-platform"]
[debug] [2025-12-25T13:42:02.896Z] > authorizing via signed-in user (anugrahsputra@gmail.com)
[debug] [2025-12-25T13:42:02.903Z] > command requires scopes: ["email","openid","https://www.googleapis.com/auth/cloudplatformprojects.readonly","https://www.googleapis.com/auth/firebase","https://www.googleapis.com/auth/cloud-platform"]
[debug] [2025-12-25T13:42:02.903Z] > authorizing via signed-in user (anugrahsputra@gmail.com)
[debug] [2025-12-25T13:42:02.917Z] Checked if tokens are valid: false, expires at: 1766340820201
[debug] [2025-12-25T13:42:02.917Z] Checked if tokens are valid: false, expires at: 1766340820201
[debug] [2025-12-25T13:42:02.917Z] > refreshing access token with scopes: []
[debug] [2025-12-25T13:42:02.918Z] >>> [apiv2][query] POST https://www.googleapis.com/oauth2/v3/token [none]
[debug] [2025-12-25T13:42:02.918Z] >>> [apiv2][body] POST https://www.googleapis.com/oauth2/v3/token [omitted]
[debug] [2025-12-25T13:42:02.935Z] Checked if tokens are valid: false, expires at: 1766340820201
[debug] [2025-12-25T13:42:02.935Z] Checked if tokens are valid: false, expires at: 1766340820201
[debug] [2025-12-25T13:42:02.935Z] > refreshing access token with scopes: []
[debug] [2025-12-25T13:42:02.935Z] >>> [apiv2][query] POST https://www.googleapis.com/oauth2/v3/token [none]
[debug] [2025-12-25T13:42:02.935Z] >>> [apiv2][body] POST https://www.googleapis.com/oauth2/v3/token [omitted]
[debug] [2025-12-25T13:42:03.042Z] <<< [apiv2][status] POST https://www.googleapis.com/oauth2/v3/token 200
[debug] [2025-12-25T13:42:03.042Z] <<< [apiv2][body] POST https://www.googleapis.com/oauth2/v3/token [omitted]
[debug] [2025-12-25T13:42:03.054Z] >>> [apiv2][query] GET https://serviceusage.googleapis.com/v1/projects//services/firebaseappdistribution.googleapis.com [none]
[debug] [2025-12-25T13:42:03.054Z] >>> [apiv2][(partial)header] GET https://serviceusage.googleapis.com/v1/projects//services/firebaseappdistribution.googleapis.com x-goog-quota-user=projects/
[debug] [2025-12-25T13:42:03.056Z] <<< [apiv2][status] POST https://www.googleapis.com/oauth2/v3/token 200
[debug] [2025-12-25T13:42:03.056Z] <<< [apiv2][body] POST https://www.googleapis.com/oauth2/v3/token [omitted]
[debug] [2025-12-25T13:42:03.065Z] >>> [apiv2][query] GET https://serviceusage.googleapis.com/v1/projects//services/firebaseappdistribution.googleapis.com [none]
[debug] [2025-12-25T13:42:03.065Z] >>> [apiv2][(partial)header] GET https://serviceusage.googleapis.com/v1/projects//services/firebaseappdistribution.googleapis.com x-goog-quota-user=projects/
[debug] [2025-12-25T13:42:04.461Z] <<< [apiv2][status] GET https://serviceusage.googleapis.com/v1/projects//services/firebaseappdistribution.googleapis.com 400
[debug] [2025-12-25T13:42:04.461Z] <<< [apiv2][body] GET https://serviceusage.googleapis.com/v1/projects//services/firebaseappdistribution.googleapis.com [omitted]
[debug] [2025-12-25T13:42:05.626Z] <<< [apiv2][status] GET https://serviceusage.googleapis.com/v1/projects//services/firebaseappdistribution.googleapis.com 400
[debug] [2025-12-25T13:42:05.627Z] <<< [apiv2][body] GET https://serviceusage.googleapis.com/v1/projects//services/firebaseappdistribution.googleapis.com [omitted]
[debug] [2025-12-25T13:42:05.629Z] > command requires scopes: ["email","openid","https://www.googleapis.com/auth/cloudplatformprojects.readonly","https://www.googleapis.com/auth/firebase","https://www.googleapis.com/auth/cloud-platform"]
[debug] [2025-12-25T13:42:05.629Z] > authorizing via signed-in user (anugrahsputra@gmail.com)
[debug] [2025-12-25T13:42:05.630Z] > command requires scopes: ["email","openid","https://www.googleapis.com/auth/cloudplatformprojects.readonly","https://www.googleapis.com/auth/firebase","https://www.googleapis.com/auth/cloud-platform"]
[debug] [2025-12-25T13:42:05.630Z] > authorizing via signed-in user (anugrahsputra@gmail.com)
[debug] [2025-12-25T13:42:05.634Z] > command requires scopes: ["email","openid","https://www.googleapis.com/auth/cloudplatformprojects.readonly","https://www.googleapis.com/auth/firebase","https://www.googleapis.com/auth/cloud-platform"]
[debug] [2025-12-25T13:42:05.634Z] > authorizing via signed-in user (anugrahsputra@gmail.com)
[debug] [2025-12-25T13:42:05.635Z] > command requires scopes: ["email","openid","https://www.googleapis.com/auth/cloudplatformprojects.readonly","https://www.googleapis.com/auth/firebase","https://www.googleapis.com/auth/cloud-platform"]
[debug] [2025-12-25T13:42:05.635Z] > authorizing via signed-in user (anugrahsputra@gmail.com)
[debug] [2025-12-27T15:42:10.003Z] > command requires scopes: ["email","openid","https://www.googleapis.com/auth/cloudplatformprojects.readonly","https://www.googleapis.com/auth/firebase","https://www.googleapis.com/auth/cloud-platform"]
[debug] [2025-12-27T15:42:10.004Z] > authorizing via signed-in user (anugrahsputra@gmail.com)
[debug] [2025-12-27T15:42:10.010Z] > command requires scopes: ["email","openid","https://www.googleapis.com/auth/cloudplatformprojects.readonly","https://www.googleapis.com/auth/firebase","https://www.googleapis.com/auth/cloud-platform"]
[debug] [2025-12-27T15:42:10.010Z] > authorizing via signed-in user (anugrahsputra@gmail.com)
[debug] [2025-12-27T15:42:10.025Z] Checked if tokens are valid: false, expires at: 1766850853594
[debug] [2025-12-27T15:42:10.025Z] Checked if tokens are valid: false, expires at: 1766850853594
[debug] [2025-12-27T15:42:10.025Z] > refreshing access token with scopes: []
[debug] [2025-12-27T15:42:10.026Z] >>> [apiv2][query] POST https://www.googleapis.com/oauth2/v3/token [none]
[debug] [2025-12-27T15:42:10.026Z] >>> [apiv2][body] POST https://www.googleapis.com/oauth2/v3/token [omitted]
[debug] [2025-12-27T15:42:10.042Z] Checked if tokens are valid: false, expires at: 1766850853594
[debug] [2025-12-27T15:42:10.042Z] Checked if tokens are valid: false, expires at: 1766850853594
[debug] [2025-12-27T15:42:10.042Z] > refreshing access token with scopes: []
[debug] [2025-12-27T15:42:10.042Z] >>> [apiv2][query] POST https://www.googleapis.com/oauth2/v3/token [none]
[debug] [2025-12-27T15:42:10.042Z] >>> [apiv2][body] POST https://www.googleapis.com/oauth2/v3/token [omitted]
[debug] [2025-12-27T15:42:10.146Z] <<< [apiv2][status] POST https://www.googleapis.com/oauth2/v3/token 200
[debug] [2025-12-27T15:42:10.146Z] <<< [apiv2][body] POST https://www.googleapis.com/oauth2/v3/token [omitted]
[debug] [2025-12-27T15:42:10.161Z] >>> [apiv2][query] GET https://serviceusage.googleapis.com/v1/projects//services/firebaseappdistribution.googleapis.com [none]
[debug] [2025-12-27T15:42:10.161Z] >>> [apiv2][(partial)header] GET https://serviceusage.googleapis.com/v1/projects//services/firebaseappdistribution.googleapis.com x-goog-quota-user=projects/
[debug] [2025-12-27T15:42:10.162Z] <<< [apiv2][status] POST https://www.googleapis.com/oauth2/v3/token 200
[debug] [2025-12-27T15:42:10.162Z] <<< [apiv2][body] POST https://www.googleapis.com/oauth2/v3/token [omitted]
[debug] [2025-12-27T15:42:10.173Z] >>> [apiv2][query] GET https://serviceusage.googleapis.com/v1/projects//services/firebaseappdistribution.googleapis.com [none]
[debug] [2025-12-27T15:42:10.173Z] >>> [apiv2][(partial)header] GET https://serviceusage.googleapis.com/v1/projects//services/firebaseappdistribution.googleapis.com x-goog-quota-user=projects/
[debug] [2025-12-27T15:42:11.604Z] <<< [apiv2][status] GET https://serviceusage.googleapis.com/v1/projects//services/firebaseappdistribution.googleapis.com 400
[debug] [2025-12-27T15:42:11.605Z] <<< [apiv2][body] GET https://serviceusage.googleapis.com/v1/projects//services/firebaseappdistribution.googleapis.com [omitted]
[debug] [2025-12-27T15:42:11.608Z] > command requires scopes: ["email","openid","https://www.googleapis.com/auth/cloudplatformprojects.readonly","https://www.googleapis.com/auth/firebase","https://www.googleapis.com/auth/cloud-platform"]
[debug] [2025-12-27T15:42:11.608Z] > authorizing via signed-in user (anugrahsputra@gmail.com)
[debug] [2025-12-27T15:42:11.609Z] > command requires scopes: ["email","openid","https://www.googleapis.com/auth/cloudplatformprojects.readonly","https://www.googleapis.com/auth/firebase","https://www.googleapis.com/auth/cloud-platform"]
[debug] [2025-12-27T15:42:11.610Z] > authorizing via signed-in user (anugrahsputra@gmail.com)
[debug] [2025-12-27T15:42:11.615Z] > command requires scopes: ["email","openid","https://www.googleapis.com/auth/cloudplatformprojects.readonly","https://www.googleapis.com/auth/firebase","https://www.googleapis.com/auth/cloud-platform"]
[debug] [2025-12-27T15:42:11.615Z] > authorizing via signed-in user (anugrahsputra@gmail.com)
[debug] [2025-12-27T15:42:11.616Z] > command requires scopes: ["email","openid","https://www.googleapis.com/auth/cloudplatformprojects.readonly","https://www.googleapis.com/auth/firebase","https://www.googleapis.com/auth/cloud-platform"]
[debug] [2025-12-27T15:42:11.616Z] > authorizing via signed-in user (anugrahsputra@gmail.com)
[debug] [2025-12-27T15:42:12.797Z] <<< [apiv2][status] GET https://serviceusage.googleapis.com/v1/projects//services/firebaseappdistribution.googleapis.com 400
[debug] [2025-12-27T15:42:12.797Z] <<< [apiv2][body] GET https://serviceusage.googleapis.com/v1/projects//services/firebaseappdistribution.googleapis.com [omitted]
